app/build/outputs/logs/manifest-merger-debug-report.txt
-- Merging decision tree log ---
manifest
ADDED from src\main\AndroidManifest.xml:2:1-42:12
	xmlns:android
		ADDED from src\main\AndroidManifest.xml:2:11-69
	package
		ADDED from src\main\AndroidManifest.xml:3:7-32
		INJECTED from src\main\AndroidManifest.xml
		INJECTED from src\main\AndroidManifest.xml
	android:versionName
		ADDED from src\main\AndroidManifest.xml:5:7-32
		INJECTED from src\main\AndroidManifest.xml
		INJECTED from src\main\AndroidManifest.xml
	android:versionCode
		ADDED from src\main\AndroidManifest.xml:4:7-30
		INJECTED from src\main\AndroidManifest.xml
		INJECTED from src\main\AndroidManifest.xml
application
ADDED from src\main\AndroidManifest.xml:6:5-26:15
MERGED from [com.android.support:support-v4:23.3.0] AndroidManifest.xml:22:5-20
	android:label
		ADDED from src\main\AndroidManifest.xml:8:9-41
	android:icon
		ADDED from src\main\AndroidManifest.xml:6:18-47
	android:name
		ADDED from src\main\AndroidManifest.xml:7:9-43
activity#com.androidtalk.Activity.MainActivity
ADDED from src\main\AndroidManifest.xml:9:9-15:20
	android:label
		ADDED from src\main\AndroidManifest.xml:10:19-51
	android:name
		ADDED from src\main\AndroidManifest.xml:9:19-56
intent-filter#android.intent.action.MAIN+android.intent.category.LAUNCHER
ADDED from src\main\AndroidManifest.xml:11:13-14:29
action#android.intent.action.MAIN
ADDED from src\main\AndroidManifest.xml:12:17-69
	android:name
		ADDED from src\main\AndroidManifest.xml:12:25-66
category#android.intent.category.LAUNCHER
ADDED from src\main\AndroidManifest.xml:13:17-77
	android:name
		ADDED from src\main\AndroidManifest.xml:13:27-74
activity#com.androidtalk.Activity.CommandListActivity
ADDED from src\main\AndroidManifest.xml:16:9-65
	android:name
		ADDED from src\main\AndroidManifest.xml:16:19-63
activity#com.androidtalk.Activity.ReadActivity
ADDED from src\main\AndroidManifest.xml:17:9-58
	android:name
		ADDED from src\main\AndroidManifest.xml:17:19-56
activity#com.androidtalk.Activity.HelpActivity
ADDED from src\main\AndroidManifest.xml:18:9-58
	android:name
		ADDED from src\main\AndroidManifest.xml:18:19-56
activity#com.androidtalk.Activity.IdentifyActivity
ADDED from src\main\AndroidManifest.xml:19:9-62
	android:name
		ADDED from src\main\AndroidManifest.xml:19:19-60
activity#com.androidtalk.Activity.SelectFileActivity
ADDED from src\main\AndroidManifest.xml:20:9-64
	android:name
		ADDED from src\main\AndroidManifest.xml:20:19-62
activity#com.androidtalk.Activity.CommandAddActivity
ADDED from src\main\AndroidManifest.xml:21:9-64
	android:name
		ADDED from src\main\AndroidManifest.xml:21:19-62
provider#com.androidtalk.util.DataProvider
ADDED from src\main\AndroidManifest.xml:23:9-25:16
	android:authorities
		ADDED from src\main\AndroidManifest.xml:23:19-56
	android:name
		ADDED from src\main\AndroidManifest.xml:24:5-38
uses-sdk
ADDED from src\main\AndroidManifest.xml:27:5-43
MERGED from [com.android.support:support-v4:23.3.0] AndroidManifest.xml:20:5-43
	android:targetSdkVersion
		INJECTED from src\main\AndroidManifest.xml
		INJECTED from src\main\AndroidManifest.xml
	android:minSdkVersion
		ADDED from src\main\AndroidManifest.xml:27:15-40
		INJECTED from src\main\AndroidManifest.xml
		INJECTED from src\main\AndroidManifest.xml
uses-permission#android.permission.SET_WALLPAPER
ADDED from src\main\AndroidManifest.xml:28:5-71
	android:name
		ADDED from src\main\AndroidManifest.xml:28:22-69
uses-permission#android.permission.READ_CONTACTS
ADDED from src\main\AndroidManifest.xml:29:5-71
	android:name
		ADDED from src\main\AndroidManifest.xml:29:22-69
uses-permission#android.permission.CALL_PHONE
ADDED from src\main\AndroidManifest.xml:30:5-68
	android:name
		ADDED from src\main\AndroidManifest.xml:30:22-66
uses-permission#android.permission.WRITE_OWNER_DATA
ADDED from src\main\AndroidManifest.xml:31:5-74
	android:name
		ADDED from src\main\AndroidManifest.xml:31:22-72
uses-permission#android.permission.RECORD_AUDIO
ADDED from src\main\AndroidManifest.xml:32:5-71
	android:name
		ADDED from src\main\AndroidManifest.xml:32:22-68
uses-permission#android.permission.INTERNET
ADDED from src\main\AndroidManifest.xml:33:5-67
	android:name
		ADDED from src\main\AndroidManifest.xml:33:22-64
uses-permission#android.permission.ACCESS_NETWORK_STATE
ADDED from src\main\AndroidManifest.xml:34:5-79
	android:name
		ADDED from src\main\AndroidManifest.xml:34:22-76
uses-permission#android.permission.ACCESS_WIFI_STATE
ADDED from src\main\AndroidManifest.xml:35:5-76
	android:name
		ADDED from src\main\AndroidManifest.xml:35:22-73
uses-permission#android.permission.CHANGE_NETWORK_STATE
ADDED from src\main\AndroidManifest.xml:36:5-79
	android:name
		ADDED from src\main\AndroidManifest.xml:36:22-76
uses-permission#android.permission.READ_PHONE_STATE
ADDED from src\main\AndroidManifest.xml:37:5-75
	android:name
		ADDED from src\main\AndroidManifest.xml:37:22-72
uses-permission#android.permission.WRITE_EXTERNAL_STORAGE
ADDED from src\main\AndroidManifest.xml:38:5-81
	android:name
		ADDED from src\main\AndroidManifest.xml:38:22-78
uses-permission#android.permission.WRITE_SETTINGS
ADDED from src\main\AndroidManifest.xml:39:5-73
	android:name
		ADDED from src\main\AndroidManifest.xml:39:22-70
uses-permission#android.permission.READ_EXTERNAL_STORAGE
ADDED from src\main\AndroidManifest.xml:40:5-80
	android:name
		ADDED from src\main\AndroidManifest.xml:40:22-77